{"total": {"lines":{"total":965,"covered":957,"skipped":0,"pct":99.17},"statements":{"total":965,"covered":957,"skipped":0,"pct":99.17},"functions":{"total":83,"covered":77,"skipped":0,"pct":92.77},"branches":{"total":251,"covered":234,"skipped":0,"pct":93.22},"branchesTrue":{"total":0,"covered":0,"skipped":0,"pct":100}}
,"C:\\Users\\herli\\OneDrive\\Escritorio\\Cursos web\\EJercicios Pollo\\monorepo\\proyecto\\frontend\\src\\App.tsx": {"lines":{"total":54,"covered":50,"skipped":0,"pct":92.59},"functions":{"total":2,"covered":2,"skipped":0,"pct":100},"statements":{"total":54,"covered":50,"skipped":0,"pct":92.59},"branches":{"total":17,"covered":15,"skipped":0,"pct":88.23}}
,"C:\\Users\\herli\\OneDrive\\Escritorio\\Cursos web\\EJercicios Pollo\\monorepo\\proyecto\\frontend\\src\\auth\\AuthContext.tsx": {"lines":{"total":74,"covered":70,"skipped":0,"pct":94.59},"functions":{"total":4,"covered":4,"skipped":0,"pct":100},"statements":{"total":74,"covered":70,"skipped":0,"pct":94.59},"branches":{"total":23,"covered":21,"skipped":0,"pct":91.3}}
,"C:\\Users\\herli\\OneDrive\\Escritorio\\Cursos web\\EJercicios Pollo\\monorepo\\proyecto\\frontend\\src\\components\\AppShell.tsx": {"lines":{"total":53,"covered":53,"skipped":0,"pct":100},"functions":{"total":3,"covered":3,"skipped":0,"pct":100},"statements":{"total":53,"covered":53,"skipped":0,"pct":100},"branches":{"total":9,"covered":9,"skipped":0,"pct":100}}
,"C:\\Users\\herli\\OneDrive\\Escritorio\\Cursos web\\EJercicios Pollo\\monorepo\\proyecto\\frontend\\src\\components\\ConfirmButton.tsx": {"lines":{"total":15,"covered":15,"skipped":0,"pct":100},"functions":{"total":2,"covered":2,"skipped":0,"pct":100},"statements":{"total":15,"covered":15,"skipped":0,"pct":100},"branches":{"total":3,"covered":3,"skipped":0,"pct":100}}
,"C:\\Users\\herli\\OneDrive\\Escritorio\\Cursos web\\EJercicios Pollo\\monorepo\\proyecto\\frontend\\src\\components\\StatusMessage.tsx": {"lines":{"total":3,"covered":3,"skipped":0,"pct":100},"functions":{"total":1,"covered":1,"skipped":0,"pct":100},"statements":{"total":3,"covered":3,"skipped":0,"pct":100},"branches":{"total":1,"covered":1,"skipped":0,"pct":100}}
,"C:\\Users\\herli\\OneDrive\\Escritorio\\Cursos web\\EJercicios Pollo\\monorepo\\proyecto\\frontend\\src\\hooks\\useAsyncAction.ts": {"lines":{"total":22,"covered":22,"skipped":0,"pct":100},"functions":{"total":2,"covered":2,"skipped":0,"pct":100},"statements":{"total":22,"covered":22,"skipped":0,"pct":100},"branches":{"total":6,"covered":5,"skipped":0,"pct":83.33}}
,"C:\\Users\\herli\\OneDrive\\Escritorio\\Cursos web\\EJercicios Pollo\\monorepo\\proyecto\\frontend\\src\\pages\\AccountPage.tsx": {"lines":{"total":54,"covered":54,"skipped":0,"pct":100},"functions":{"total":4,"covered":4,"skipped":0,"pct":100},"statements":{"total":54,"covered":54,"skipped":0,"pct":100},"branches":{"total":9,"covered":8,"skipped":0,"pct":88.88}}
,"C:\\Users\\herli\\OneDrive\\Escritorio\\Cursos web\\EJercicios Pollo\\monorepo\\proyecto\\frontend\\src\\pages\\CountriesPage.tsx": {"lines":{"total":122,"covered":122,"skipped":0,"pct":100},"functions":{"total":9,"covered":8,"skipped":0,"pct":88.88},"statements":{"total":122,"covered":122,"skipped":0,"pct":100},"branches":{"total":30,"covered":29,"skipped":0,"pct":96.66}}
,"C:\\Users\\herli\\OneDrive\\Escritorio\\Cursos web\\EJercicios Pollo\\monorepo\\proyecto\\frontend\\src\\pages\\DashboardPage.tsx": {"lines":{"total":36,"covered":36,"skipped":0,"pct":100},"functions":{"total":1,"covered":1,"skipped":0,"pct":100},"statements":{"total":36,"covered":36,"skipped":0,"pct":100},"branches":{"total":8,"covered":7,"skipped":0,"pct":87.5}}
,"C:\\Users\\herli\\OneDrive\\Escritorio\\Cursos web\\EJercicios Pollo\\monorepo\\proyecto\\frontend\\src\\pages\\DepartmentsPage.tsx": {"lines":{"total":157,"covered":157,"skipped":0,"pct":100},"functions":{"total":12,"covered":10,"skipped":0,"pct":83.33},"statements":{"total":157,"covered":157,"skipped":0,"pct":100},"branches":{"total":39,"covered":37,"skipped":0,"pct":94.87}}
,"C:\\Users\\herli\\OneDrive\\Escritorio\\Cursos web\\EJercicios Pollo\\monorepo\\proyecto\\frontend\\src\\pages\\LoginPage.tsx": {"lines":{"total":35,"covered":35,"skipped":0,"pct":100},"functions":{"total":4,"covered":2,"skipped":0,"pct":50},"statements":{"total":35,"covered":35,"skipped":0,"pct":100},"branches":{"total":6,"covered":6,"skipped":0,"pct":100}}
,"C:\\Users\\herli\\OneDrive\\Escritorio\\Cursos web\\EJercicios Pollo\\monorepo\\proyecto\\frontend\\src\\pages\\UsersPage.tsx": {"lines":{"total":157,"covered":157,"skipped":0,"pct":100},"functions":{"total":12,"covered":12,"skipped":0,"pct":100},"statements":{"total":157,"covered":157,"skipped":0,"pct":100},"branches":{"total":35,"covered":32,"skipped":0,"pct":91.42}}
,"C:\\Users\\herli\\OneDrive\\Escritorio\\Cursos web\\EJercicios Pollo\\monorepo\\proyecto\\frontend\\src\\services\\api\\endpoints.ts": {"lines":{"total":71,"covered":71,"skipped":0,"pct":100},"functions":{"total":16,"covered":15,"skipped":0,"pct":93.75},"statements":{"total":71,"covered":71,"skipped":0,"pct":100},"branches":{"total":17,"covered":17,"skipped":0,"pct":100}}
,"C:\\Users\\herli\\OneDrive\\Escritorio\\Cursos web\\EJercicios Pollo\\monorepo\\proyecto\\frontend\\src\\services\\api\\httpClient.ts": {"lines":{"total":85,"covered":85,"skipped":0,"pct":100},"functions":{"total":7,"covered":7,"skipped":0,"pct":100},"statements":{"total":85,"covered":85,"skipped":0,"pct":100},"branches":{"total":37,"covered":33,"skipped":0,"pct":89.18}}
,"C:\\Users\\herli\\OneDrive\\Escritorio\\Cursos web\\EJercicios Pollo\\monorepo\\proyecto\\frontend\\src\\services\\api\\tokenStorage.ts": {"lines":{"total":19,"covered":19,"skipped":0,"pct":100},"functions":{"total":3,"covered":3,"skipped":0,"pct":100},"statements":{"total":19,"covered":19,"skipped":0,"pct":100},"branches":{"total":7,"covered":7,"skipped":0,"pct":100}}
,"C:\\Users\\herli\\OneDrive\\Escritorio\\Cursos web\\EJercicios Pollo\\monorepo\\proyecto\\frontend\\src\\utils\\roles.ts": {"lines":{"total":8,"covered":8,"skipped":0,"pct":100},"functions":{"total":1,"covered":1,"skipped":0,"pct":100},"statements":{"total":8,"covered":8,"skipped":0,"pct":100},"branches":{"total":4,"covered":4,"skipped":0,"pct":100}}
}
